{"/Users/welldev/Documents/studies-backend/api-node-ts/src/prisma.ts": {"path":"/Users/welldev/Documents/studies-backend/api-node-ts/src/prisma.ts","statementMap":{"0":{"start":{"line":1,"column":0},"end":{"line":1,"column":50}},"1":{"start":{"line":3,"column":15},"end":{"line":3,"column":33}},"2":{"start":{"line":4,"column":0},"end":{"line":4,"column":null}}},"fnMap":{},"branchMap":{},"s":{"0":5,"1":5,"2":5},"f":{},"b":{}}
,"/Users/welldev/Documents/studies-backend/api-node-ts/src/server/index.ts": {"path":"/Users/welldev/Documents/studies-backend/api-node-ts/src/server/index.ts","statementMap":{"0":{"start":{"line":1,"column":0},"end":{"line":1,"column":25}},"1":{"start":{"line":2,"column":0},"end":{"line":2,"column":38}},"2":{"start":{"line":4,"column":0},"end":{"line":4,"column":29}},"3":{"start":{"line":5,"column":0},"end":{"line":5,"column":33}},"4":{"start":{"line":7,"column":15},"end":{"line":7,"column":24}},"5":{"start":{"line":12,"column":9},"end":{"line":12,"column":15}},"6":{"start":{"line":9,"column":0},"end":{"line":9,"column":null}},"7":{"start":{"line":10,"column":0},"end":{"line":10,"column":null}}},"fnMap":{},"branchMap":{},"s":{"0":5,"1":5,"2":5,"3":5,"4":5,"5":5,"6":5,"7":5},"f":{},"b":{}}
,"/Users/welldev/Documents/studies-backend/api-node-ts/src/server/controllers/cities/create.ts": {"path":"/Users/welldev/Documents/studies-backend/api-node-ts/src/server/controllers/cities/create.ts","statementMap":{"0":{"start":{"line":2,"column":0},"end":{"line":2,"column":47}},"1":{"start":{"line":4,"column":0},"end":{"line":4,"column":45}},"2":{"start":{"line":5,"column":0},"end":{"line":5,"column":63}},"3":{"start":{"line":6,"column":0},"end":{"line":6,"column":64}},"4":{"start":{"line":8,"column":13},"end":{"line":10,"column":null}},"5":{"start":{"line":8,"column":59},"end":{"line":10,"column":2}},"6":{"start":{"line":12,"column":22},"end":{"line":25,"column":1}},"7":{"start":{"line":13,"column":17},"end":{"line":13,"column":54}},"8":{"start":{"line":15,"column":2},"end":{"line":18,"column":null}},"9":{"start":{"line":16,"column":4},"end":{"line":18,"column":null}},"10":{"start":{"line":20,"column":2},"end":{"line":24,"column":null}},"11":{"start":{"line":12,"column":13},"end":{"line":12,"column":22}}},"fnMap":{"0":{"name":"(anonymous_0)","decl":{"start":{"line":8,"column":43},"end":{"line":8,"column":44}},"loc":{"start":{"line":8,"column":59},"end":{"line":10,"column":2}}},"1":{"name":"(anonymous_1)","decl":{"start":{"line":12,"column":22},"end":{"line":12,"column":27}},"loc":{"start":{"line":12,"column":89},"end":{"line":25,"column":1}}}},"branchMap":{"0":{"loc":{"start":{"line":15,"column":2},"end":{"line":18,"column":null}},"type":"if","locations":[{"start":{"line":15,"column":2},"end":{"line":18,"column":null}},{"start":{},"end":{}}]}},"s":{"0":5,"1":5,"2":5,"3":5,"4":5,"5":5,"6":5,"7":5,"8":5,"9":0,"10":5,"11":5},"f":{"0":5,"1":5},"b":{"0":[0,5]}}
,"/Users/welldev/Documents/studies-backend/api-node-ts/src/server/controllers/cities/deleteById.ts": {"path":"/Users/welldev/Documents/studies-backend/api-node-ts/src/server/controllers/cities/deleteById.ts","statementMap":{"0":{"start":{"line":2,"column":0},"end":{"line":2,"column":47}},"1":{"start":{"line":4,"column":0},"end":{"line":4,"column":45}},"2":{"start":{"line":5,"column":0},"end":{"line":5,"column":67}},"3":{"start":{"line":6,"column":0},"end":{"line":6,"column":36}},"4":{"start":{"line":8,"column":13},"end":{"line":10,"column":null}},"5":{"start":{"line":8,"column":59},"end":{"line":10,"column":2}},"6":{"start":{"line":12,"column":26},"end":{"line":35,"column":1}},"7":{"start":{"line":13,"column":17},"end":{"line":13,"column":30}},"8":{"start":{"line":14,"column":20},"end":{"line":14,"column":48}},"9":{"start":{"line":16,"column":2},"end":{"line":22,"column":3}},"10":{"start":{"line":17,"column":4},"end":{"line":21,"column":null}},"11":{"start":{"line":24,"column":2},"end":{"line":30,"column":3}},"12":{"start":{"line":24,"column":31},"end":{"line":24,"column":38}},"13":{"start":{"line":25,"column":4},"end":{"line":29,"column":null}},"14":{"start":{"line":32,"column":2},"end":{"line":32,"column":null}},"15":{"start":{"line":34,"column":2},"end":{"line":34,"column":null}},"16":{"start":{"line":12,"column":13},"end":{"line":12,"column":26}}},"fnMap":{"0":{"name":"(anonymous_1)","decl":{"start":{"line":8,"column":43},"end":{"line":8,"column":44}},"loc":{"start":{"line":8,"column":59},"end":{"line":10,"column":2}}},"1":{"name":"(anonymous_2)","decl":{"start":{"line":12,"column":26},"end":{"line":12,"column":31}},"loc":{"start":{"line":12,"column":87},"end":{"line":35,"column":1}}},"2":{"name":"(anonymous_3)","decl":{"start":{"line":24,"column":21},"end":{"line":24,"column":22}},"loc":{"start":{"line":24,"column":31},"end":{"line":24,"column":38}}}},"branchMap":{"0":{"loc":{"start":{"line":16,"column":2},"end":{"line":22,"column":3}},"type":"if","locations":[{"start":{"line":16,"column":2},"end":{"line":22,"column":3}},{"start":{},"end":{}}]},"1":{"loc":{"start":{"line":24,"column":2},"end":{"line":30,"column":3}},"type":"if","locations":[{"start":{"line":24,"column":2},"end":{"line":30,"column":3}},{"start":{},"end":{}}]}},"s":{"0":5,"1":5,"2":5,"3":5,"4":5,"5":2,"6":5,"7":2,"8":2,"9":2,"10":0,"11":2,"12":5,"13":1,"14":1,"15":1,"16":5},"f":{"0":2,"1":2,"2":5},"b":{"0":[0,2],"1":[1,1]}}
,"/Users/welldev/Documents/studies-backend/api-node-ts/src/server/controllers/cities/getAll.ts": {"path":"/Users/welldev/Documents/studies-backend/api-node-ts/src/server/controllers/cities/getAll.ts","statementMap":{"0":{"start":{"line":2,"column":0},"end":{"line":2,"column":47}},"1":{"start":{"line":4,"column":0},"end":{"line":4,"column":45}},"2":{"start":{"line":5,"column":0},"end":{"line":5,"column":65}},"3":{"start":{"line":6,"column":0},"end":{"line":6,"column":36}},"4":{"start":{"line":8,"column":13},"end":{"line":10,"column":null}},"5":{"start":{"line":8,"column":59},"end":{"line":10,"column":2}},"6":{"start":{"line":12,"column":22},"end":{"line":18,"column":1}},"7":{"start":{"line":13,"column":2},"end":{"line":13,"column":null}},"8":{"start":{"line":14,"column":2},"end":{"line":14,"column":null}},"9":{"start":{"line":15,"column":17},"end":{"line":15,"column":46}},"10":{"start":{"line":17,"column":2},"end":{"line":17,"column":null}},"11":{"start":{"line":12,"column":13},"end":{"line":12,"column":22}}},"fnMap":{"0":{"name":"(anonymous_1)","decl":{"start":{"line":8,"column":43},"end":{"line":8,"column":44}},"loc":{"start":{"line":8,"column":59},"end":{"line":10,"column":2}}},"1":{"name":"(anonymous_2)","decl":{"start":{"line":12,"column":22},"end":{"line":12,"column":27}},"loc":{"start":{"line":12,"column":94},"end":{"line":18,"column":1}}}},"branchMap":{},"s":{"0":5,"1":5,"2":5,"3":5,"4":5,"5":1,"6":5,"7":1,"8":1,"9":1,"10":1,"11":5},"f":{"0":1,"1":1},"b":{}}
,"/Users/welldev/Documents/studies-backend/api-node-ts/src/server/controllers/cities/getById.ts": {"path":"/Users/welldev/Documents/studies-backend/api-node-ts/src/server/controllers/cities/getById.ts","statementMap":{"0":{"start":{"line":2,"column":0},"end":{"line":2,"column":47}},"1":{"start":{"line":4,"column":0},"end":{"line":4,"column":45}},"2":{"start":{"line":5,"column":0},"end":{"line":5,"column":67}},"3":{"start":{"line":7,"column":13},"end":{"line":9,"column":null}},"4":{"start":{"line":7,"column":60},"end":{"line":9,"column":2}},"5":{"start":{"line":11,"column":23},"end":{"line":25,"column":1}},"6":{"start":{"line":12,"column":2},"end":{"line":18,"column":3}},"7":{"start":{"line":13,"column":4},"end":{"line":17,"column":null}},"8":{"start":{"line":20,"column":2},"end":{"line":24,"column":null}},"9":{"start":{"line":11,"column":13},"end":{"line":11,"column":23}}},"fnMap":{"0":{"name":"(anonymous_0)","decl":{"start":{"line":7,"column":44},"end":{"line":7,"column":45}},"loc":{"start":{"line":7,"column":60},"end":{"line":9,"column":2}}},"1":{"name":"(anonymous_1)","decl":{"start":{"line":11,"column":23},"end":{"line":11,"column":28}},"loc":{"start":{"line":11,"column":84},"end":{"line":25,"column":1}}}},"branchMap":{"0":{"loc":{"start":{"line":12,"column":2},"end":{"line":18,"column":3}},"type":"if","locations":[{"start":{"line":12,"column":2},"end":{"line":18,"column":3}},{"start":{},"end":{}}]}},"s":{"0":5,"1":5,"2":5,"3":5,"4":1,"5":5,"6":1,"7":0,"8":1,"9":5},"f":{"0":1,"1":1},"b":{"0":[0,1]}}
,"/Users/welldev/Documents/studies-backend/api-node-ts/src/server/controllers/cities/index.ts": {"path":"/Users/welldev/Documents/studies-backend/api-node-ts/src/server/controllers/cities/index.ts","statementMap":{"0":{"start":{"line":1,"column":0},"end":{"line":1,"column":34}},"1":{"start":{"line":2,"column":0},"end":{"line":2,"column":34}},"2":{"start":{"line":3,"column":0},"end":{"line":3,"column":36}},"3":{"start":{"line":4,"column":0},"end":{"line":4,"column":42}},"4":{"start":{"line":5,"column":0},"end":{"line":5,"column":42}},"5":{"start":{"line":7,"column":13},"end":{"line":13,"column":null}}},"fnMap":{},"branchMap":{},"s":{"0":5,"1":5,"2":5,"3":5,"4":5,"5":5},"f":{},"b":{}}
,"/Users/welldev/Documents/studies-backend/api-node-ts/src/server/controllers/cities/updateById.ts": {"path":"/Users/welldev/Documents/studies-backend/api-node-ts/src/server/controllers/cities/updateById.ts","statementMap":{"0":{"start":{"line":2,"column":0},"end":{"line":2,"column":47}},"1":{"start":{"line":4,"column":0},"end":{"line":4,"column":45}},"2":{"start":{"line":5,"column":0},"end":{"line":5,"column":86}},"3":{"start":{"line":7,"column":13},"end":{"line":10,"column":null}},"4":{"start":{"line":7,"column":59},"end":{"line":10,"column":2}},"5":{"start":{"line":12,"column":26},"end":{"line":22,"column":1}},"6":{"start":{"line":13,"column":2},"end":{"line":19,"column":3}},"7":{"start":{"line":14,"column":4},"end":{"line":18,"column":null}},"8":{"start":{"line":21,"column":2},"end":{"line":21,"column":null}},"9":{"start":{"line":12,"column":13},"end":{"line":12,"column":26}}},"fnMap":{"0":{"name":"(anonymous_0)","decl":{"start":{"line":7,"column":43},"end":{"line":7,"column":44}},"loc":{"start":{"line":7,"column":59},"end":{"line":10,"column":2}}},"1":{"name":"(anonymous_1)","decl":{"start":{"line":12,"column":26},"end":{"line":12,"column":31}},"loc":{"start":{"line":12,"column":98},"end":{"line":22,"column":1}}}},"branchMap":{"0":{"loc":{"start":{"line":13,"column":2},"end":{"line":19,"column":3}},"type":"if","locations":[{"start":{"line":13,"column":2},"end":{"line":19,"column":3}},{"start":{},"end":{}}]}},"s":{"0":5,"1":5,"2":5,"3":5,"4":1,"5":5,"6":1,"7":0,"8":1,"9":5},"f":{"0":1,"1":1},"b":{"0":[0,1]}}
,"/Users/welldev/Documents/studies-backend/api-node-ts/src/server/controllers/cities/auth/index.ts": {"path":"/Users/welldev/Documents/studies-backend/api-node-ts/src/server/controllers/cities/auth/index.ts","statementMap":{"0":{"start":{"line":1,"column":0},"end":{"line":1,"column":35}},"1":{"start":{"line":2,"column":0},"end":{"line":2,"column":35}},"2":{"start":{"line":4,"column":13},"end":{"line":7,"column":null}}},"fnMap":{},"branchMap":{},"s":{"0":5,"1":5,"2":5},"f":{},"b":{}}
,"/Users/welldev/Documents/studies-backend/api-node-ts/src/server/controllers/cities/auth/sign-in.ts": {"path":"/Users/welldev/Documents/studies-backend/api-node-ts/src/server/controllers/cities/auth/sign-in.ts","statementMap":{"0":{"start":{"line":2,"column":0},"end":{"line":2,"column":47}},"1":{"start":{"line":4,"column":22},"end":{"line":17,"column":1}},"2":{"start":{"line":5,"column":30},"end":{"line":5,"column":38}},"3":{"start":{"line":7,"column":2},"end":{"line":12,"column":3}},"4":{"start":{"line":8,"column":4},"end":{"line":11,"column":null}},"5":{"start":{"line":14,"column":2},"end":{"line":16,"column":null}},"6":{"start":{"line":4,"column":13},"end":{"line":4,"column":22}}},"fnMap":{"0":{"name":"(anonymous_0)","decl":{"start":{"line":4,"column":22},"end":{"line":4,"column":23}},"loc":{"start":{"line":4,"column":57},"end":{"line":17,"column":1}}}},"branchMap":{"0":{"loc":{"start":{"line":7,"column":2},"end":{"line":12,"column":3}},"type":"if","locations":[{"start":{"line":7,"column":2},"end":{"line":12,"column":3}},{"start":{},"end":{}}]},"1":{"loc":{"start":{"line":7,"column":6},"end":{"line":7,"column":25}},"type":"binary-expr","locations":[{"start":{"line":7,"column":6},"end":{"line":7,"column":12}},{"start":{"line":7,"column":16},"end":{"line":7,"column":25}}]}},"s":{"0":5,"1":5,"2":0,"3":0,"4":0,"5":0,"6":5},"f":{"0":0},"b":{"0":[0,0],"1":[0,0]}}
,"/Users/welldev/Documents/studies-backend/api-node-ts/src/server/controllers/cities/auth/sign-up.ts": {"path":"/Users/welldev/Documents/studies-backend/api-node-ts/src/server/controllers/cities/auth/sign-up.ts","statementMap":{"0":{"start":{"line":2,"column":0},"end":{"line":2,"column":47}},"1":{"start":{"line":4,"column":15},"end":{"line":17,"column":1}},"2":{"start":{"line":5,"column":30},"end":{"line":5,"column":38}},"3":{"start":{"line":7,"column":2},"end":{"line":12,"column":3}},"4":{"start":{"line":8,"column":4},"end":{"line":11,"column":null}},"5":{"start":{"line":14,"column":2},"end":{"line":16,"column":null}},"6":{"start":{"line":19,"column":9},"end":{"line":19,"column":15}}},"fnMap":{"0":{"name":"(anonymous_0)","decl":{"start":{"line":4,"column":15},"end":{"line":4,"column":16}},"loc":{"start":{"line":4,"column":47},"end":{"line":17,"column":1}}}},"branchMap":{"0":{"loc":{"start":{"line":7,"column":2},"end":{"line":12,"column":3}},"type":"if","locations":[{"start":{"line":7,"column":2},"end":{"line":12,"column":3}},{"start":{},"end":{}}]},"1":{"loc":{"start":{"line":7,"column":6},"end":{"line":7,"column":25}},"type":"binary-expr","locations":[{"start":{"line":7,"column":6},"end":{"line":7,"column":12}},{"start":{"line":7,"column":16},"end":{"line":7,"column":25}}]}},"s":{"0":5,"1":5,"2":0,"3":0,"4":0,"5":0,"6":5},"f":{"0":0},"b":{"0":[0,0],"1":[0,0]}}
,"/Users/welldev/Documents/studies-backend/api-node-ts/src/server/database/providers/cities/create.ts": {"path":"/Users/welldev/Documents/studies-backend/api-node-ts/src/server/database/providers/cities/create.ts","statementMap":{"0":{"start":{"line":1,"column":0},"end":{"line":1,"column":39}},"1":{"start":{"line":4,"column":22},"end":{"line":12,"column":1}},"2":{"start":{"line":5,"column":18},"end":{"line":7,"column":4}},"3":{"start":{"line":9,"column":2},"end":{"line":9,"column":null}},"4":{"start":{"line":9,"column":16},"end":{"line":9,"column":null}},"5":{"start":{"line":11,"column":2},"end":{"line":11,"column":null}},"6":{"start":{"line":4,"column":13},"end":{"line":4,"column":22}}},"fnMap":{"0":{"name":"(anonymous_1)","decl":{"start":{"line":4,"column":22},"end":{"line":4,"column":27}},"loc":{"start":{"line":4,"column":80},"end":{"line":12,"column":1}}}},"branchMap":{"0":{"loc":{"start":{"line":9,"column":2},"end":{"line":9,"column":null}},"type":"if","locations":[{"start":{"line":9,"column":2},"end":{"line":9,"column":null}},{"start":{},"end":{}}]}},"s":{"0":5,"1":5,"2":5,"3":5,"4":0,"5":5,"6":5},"f":{"0":5},"b":{"0":[0,5]}}
,"/Users/welldev/Documents/studies-backend/api-node-ts/src/server/database/providers/cities/index.ts": {"path":"/Users/welldev/Documents/studies-backend/api-node-ts/src/server/database/providers/cities/index.ts","statementMap":{"0":{"start":{"line":1,"column":0},"end":{"line":1,"column":34}},"1":{"start":{"line":7,"column":13},"end":{"line":13,"column":null}}},"fnMap":{},"branchMap":{},"s":{"0":5,"1":5},"f":{},"b":{}}
,"/Users/welldev/Documents/studies-backend/api-node-ts/src/server/middleware/index.ts": {"path":"/Users/welldev/Documents/studies-backend/api-node-ts/src/server/middleware/index.ts","statementMap":{"0":{"start":{"line":1,"column":0},"end":{"line":1,"column":28}}},"fnMap":{},"branchMap":{},"s":{"0":5},"f":{},"b":{}}
,"/Users/welldev/Documents/studies-backend/api-node-ts/src/server/middleware/validation.ts": {"path":"/Users/welldev/Documents/studies-backend/api-node-ts/src/server/middleware/validation.ts","statementMap":{"0":{"start":{"line":1,"column":0},"end":{"line":1,"column":47}},"1":{"start":{"line":3,"column":0},"end":{"line":3,"column":65}},"2":{"start":{"line":6,"column":2},"end":{"line":29,"column":3}},"3":{"start":{"line":7,"column":2},"end":{"line":29,"column":3}},"4":{"start":{"line":8,"column":20},"end":{"line":8,"column":53}},"5":{"start":{"line":8,"column":46},"end":{"line":8,"column":52}},"6":{"start":{"line":10,"column":23},"end":{"line":21,"column":null}},"7":{"start":{"line":12,"column":21},"end":{"line":12,"column":37}},"8":{"start":{"line":13,"column":35},"end":{"line":13,"column":62}},"9":{"start":{"line":15,"column":8},"end":{"line":17,"column":9}},"10":{"start":{"line":16,"column":10},"end":{"line":16,"column":null}},"11":{"start":{"line":19,"column":8},"end":{"line":19,"column":null}},"12":{"start":{"line":24,"column":4},"end":{"line":26,"column":5}},"13":{"start":{"line":25,"column":6},"end":{"line":25,"column":null}},"14":{"start":{"line":28,"column":4},"end":{"line":28,"column":null}},"15":{"start":{"line":5,"column":13},"end":{"line":5,"column":null}}},"fnMap":{"0":{"name":"(anonymous_0)","decl":{"start":{"line":6,"column":2},"end":{"line":6,"column":3}},"loc":{"start":{"line":7,"column":2},"end":{"line":29,"column":3}}},"1":{"name":"(anonymous_1)","decl":{"start":{"line":7,"column":2},"end":{"line":7,"column":7}},"loc":{"start":{"line":7,"column":41},"end":{"line":29,"column":3}}},"2":{"name":"(anonymous_2)","decl":{"start":{"line":8,"column":34},"end":{"line":8,"column":35}},"loc":{"start":{"line":8,"column":46},"end":{"line":8,"column":52}}},"3":{"name":"(anonymous_3)","decl":{"start":{"line":11,"column":6},"end":{"line":11,"column":7}},"loc":{"start":{"line":11,"column":29},"end":{"line":20,"column":7}}}},"branchMap":{"0":{"loc":{"start":{"line":15,"column":8},"end":{"line":17,"column":9}},"type":"if","locations":[{"start":{"line":15,"column":8},"end":{"line":17,"column":9}},{"start":{},"end":{}}]},"1":{"loc":{"start":{"line":24,"column":4},"end":{"line":26,"column":5}},"type":"if","locations":[{"start":{"line":24,"column":4},"end":{"line":26,"column":5}},{"start":{},"end":{}}]}},"s":{"0":5,"1":5,"2":5,"3":25,"4":10,"5":11,"6":10,"7":11,"8":11,"9":11,"10":0,"11":11,"12":10,"13":0,"14":10,"15":5},"f":{"0":25,"1":10,"2":11,"3":11},"b":{"0":[0,11],"1":[0,10]}}
,"/Users/welldev/Documents/studies-backend/api-node-ts/src/server/routes/auth.routes.ts": {"path":"/Users/welldev/Documents/studies-backend/api-node-ts/src/server/routes/auth.routes.ts","statementMap":{"0":{"start":{"line":1,"column":0},"end":{"line":1,"column":32}},"1":{"start":{"line":2,"column":0},"end":{"line":2,"column":59}},"2":{"start":{"line":4,"column":15},"end":{"line":4,"column":23}},"3":{"start":{"line":11,"column":19},"end":{"line":11,"column":29}},"4":{"start":{"line":6,"column":0},"end":{"line":6,"column":null}},"5":{"start":{"line":8,"column":0},"end":{"line":10,"column":null}},"6":{"start":{"line":9,"column":2},"end":{"line":9,"column":null}}},"fnMap":{"0":{"name":"(anonymous_0)","decl":{"start":{"line":8,"column":24},"end":{"line":8,"column":25}},"loc":{"start":{"line":8,"column":37},"end":{"line":10,"column":1}}}},"branchMap":{},"s":{"0":5,"1":5,"2":5,"3":5,"4":5,"5":5,"6":0},"f":{"0":0},"b":{}}
,"/Users/welldev/Documents/studies-backend/api-node-ts/src/server/routes/cities.routes.ts": {"path":"/Users/welldev/Documents/studies-backend/api-node-ts/src/server/routes/cities.routes.ts","statementMap":{"0":{"start":{"line":1,"column":0},"end":{"line":1,"column":32}},"1":{"start":{"line":2,"column":0},"end":{"line":2,"column":56}},"2":{"start":{"line":4,"column":15},"end":{"line":4,"column":23}},"3":{"start":{"line":12,"column":19},"end":{"line":12,"column":31}},"4":{"start":{"line":6,"column":0},"end":{"line":6,"column":null}},"5":{"start":{"line":7,"column":0},"end":{"line":7,"column":null}},"6":{"start":{"line":8,"column":0},"end":{"line":8,"column":null}},"7":{"start":{"line":9,"column":0},"end":{"line":9,"column":null}},"8":{"start":{"line":10,"column":0},"end":{"line":10,"column":null}}},"fnMap":{},"branchMap":{},"s":{"0":5,"1":5,"2":5,"3":5,"4":5,"5":5,"6":5,"7":5,"8":5},"f":{},"b":{}}
,"/Users/welldev/Documents/studies-backend/api-node-ts/src/server/routes/index.ts": {"path":"/Users/welldev/Documents/studies-backend/api-node-ts/src/server/routes/index.ts","statementMap":{"0":{"start":{"line":1,"column":0},"end":{"line":1,"column":32}},"1":{"start":{"line":3,"column":0},"end":{"line":3,"column":42}},"2":{"start":{"line":4,"column":0},"end":{"line":4,"column":46}},"3":{"start":{"line":6,"column":15},"end":{"line":6,"column":23}},"4":{"start":{"line":12,"column":9},"end":{"line":12,"column":15}},"5":{"start":{"line":8,"column":0},"end":{"line":8,"column":null}},"6":{"start":{"line":10,"column":0},"end":{"line":10,"column":null}}},"fnMap":{},"branchMap":{},"s":{"0":5,"1":5,"2":5,"3":5,"4":5,"5":5,"6":5},"f":{},"b":{}}
,"/Users/welldev/Documents/studies-backend/api-node-ts/src/server/schemas/cities.schema.ts": {"path":"/Users/welldev/Documents/studies-backend/api-node-ts/src/server/schemas/cities.schema.ts","statementMap":{"0":{"start":{"line":1,"column":0},"end":{"line":1,"column":19}},"1":{"start":{"line":3,"column":13},"end":{"line":6,"column":null}},"2":{"start":{"line":8,"column":13},"end":{"line":12,"column":null}},"3":{"start":{"line":14,"column":13},"end":{"line":16,"column":null}}},"fnMap":{},"branchMap":{},"s":{"0":5,"1":5,"2":5,"3":5},"f":{},"b":{}}
,"/Users/welldev/Documents/studies-backend/api-node-ts/src/server/services/zodErrorTranslator.ts": {"path":"/Users/welldev/Documents/studies-backend/api-node-ts/src/server/services/zodErrorTranslator.ts","statementMap":{"0":{"start":{"line":1,"column":0},"end":{"line":1,"column":75}},"1":{"start":{"line":3,"column":61},"end":{"line":14,"column":null}},"2":{"start":{"line":16,"column":34},"end":{"line":38,"column":1}},"3":{"start":{"line":17,"column":2},"end":{"line":24,"column":3}},"4":{"start":{"line":18,"column":4},"end":{"line":22,"column":5}},"5":{"start":{"line":19,"column":6},"end":{"line":21,"column":null}},"6":{"start":{"line":23,"column":4},"end":{"line":23,"column":null}},"7":{"start":{"line":26,"column":2},"end":{"line":33,"column":3}},"8":{"start":{"line":27,"column":4},"end":{"line":31,"column":5}},"9":{"start":{"line":28,"column":6},"end":{"line":30,"column":null}},"10":{"start":{"line":32,"column":4},"end":{"line":32,"column":null}},"11":{"start":{"line":35,"column":2},"end":{"line":37,"column":null}},"12":{"start":{"line":40,"column":0},"end":{"line":40,"column":null}}},"fnMap":{"0":{"name":"(anonymous_0)","decl":{"start":{"line":16,"column":34},"end":{"line":16,"column":35}},"loc":{"start":{"line":16,"column":74},"end":{"line":38,"column":1}}}},"branchMap":{"0":{"loc":{"start":{"line":17,"column":2},"end":{"line":24,"column":3}},"type":"if","locations":[{"start":{"line":17,"column":2},"end":{"line":24,"column":3}},{"start":{},"end":{}}]},"1":{"loc":{"start":{"line":17,"column":6},"end":{"line":17,"column":69}},"type":"binary-expr","locations":[{"start":{"line":17,"column":6},"end":{"line":17,"column":32}},{"start":{"line":17,"column":36},"end":{"line":17,"column":69}}]},"2":{"loc":{"start":{"line":18,"column":4},"end":{"line":22,"column":5}},"type":"if","locations":[{"start":{"line":18,"column":4},"end":{"line":22,"column":5}},{"start":{},"end":{}}]},"3":{"loc":{"start":{"line":20,"column":74},"end":{"line":20,"column":102}},"type":"cond-expr","locations":[{"start":{"line":20,"column":94},"end":{"line":20,"column":97}},{"start":{"line":20,"column":100},"end":{"line":20,"column":102}}]},"4":{"loc":{"start":{"line":26,"column":2},"end":{"line":33,"column":3}},"type":"if","locations":[{"start":{"line":26,"column":2},"end":{"line":33,"column":3}},{"start":{},"end":{}}]},"5":{"loc":{"start":{"line":26,"column":6},"end":{"line":26,"column":67}},"type":"binary-expr","locations":[{"start":{"line":26,"column":6},"end":{"line":26,"column":30}},{"start":{"line":26,"column":34},"end":{"line":26,"column":67}}]},"6":{"loc":{"start":{"line":27,"column":4},"end":{"line":31,"column":5}},"type":"if","locations":[{"start":{"line":27,"column":4},"end":{"line":31,"column":5}},{"start":{},"end":{}}]},"7":{"loc":{"start":{"line":29,"column":73},"end":{"line":29,"column":101}},"type":"cond-expr","locations":[{"start":{"line":29,"column":93},"end":{"line":29,"column":96}},{"start":{"line":29,"column":99},"end":{"line":29,"column":101}}]},"8":{"loc":{"start":{"line":36,"column":13},"end":{"line":36,"column":58}},"type":"binary-expr","locations":[{"start":{"line":36,"column":13},"end":{"line":36,"column":38}},{"start":{"line":36,"column":42},"end":{"line":36,"column":58}}]}},"s":{"0":5,"1":5,"2":5,"3":0,"4":0,"5":0,"6":0,"7":0,"8":0,"9":0,"10":0,"11":0,"12":5},"f":{"0":0},"b":{"0":[0,0],"1":[0,0],"2":[0,0],"3":[0,0],"4":[0,0],"5":[0,0],"6":[0,0],"7":[0,0],"8":[0,0]}}
,"/Users/welldev/Documents/studies-backend/api-node-ts/src/server/shared/utils/formatZodErrors.ts": {"path":"/Users/welldev/Documents/studies-backend/api-node-ts/src/server/shared/utils/formatZodErrors.ts","statementMap":{"0":{"start":{"line":5,"column":0},"end":{"line":5,"column":16}},"1":{"start":{"line":6,"column":2},"end":{"line":12,"column":null}},"2":{"start":{"line":7,"column":18},"end":{"line":7,"column":25}},"3":{"start":{"line":9,"column":4},"end":{"line":9,"column":null}},"4":{"start":{"line":9,"column":17},"end":{"line":9,"column":null}},"5":{"start":{"line":11,"column":4},"end":{"line":11,"column":null}}},"fnMap":{"0":{"name":"formatZodErrors","decl":{"start":{"line":5,"column":16},"end":{"line":5,"column":31}},"loc":{"start":{"line":5,"column":50},"end":{"line":13,"column":1}}},"1":{"name":"(anonymous_1)","decl":{"start":{"line":6,"column":23},"end":{"line":6,"column":24}},"loc":{"start":{"line":6,"column":50},"end":{"line":12,"column":3}}}},"branchMap":{"0":{"loc":{"start":{"line":9,"column":4},"end":{"line":9,"column":null}},"type":"if","locations":[{"start":{"line":9,"column":4},"end":{"line":9,"column":null}},{"start":{},"end":{}}]}},"s":{"0":5,"1":0,"2":0,"3":0,"4":0,"5":0},"f":{"0":0,"1":0},"b":{"0":[0,0]}}
}
